0 info it worked if it ends with ok
1 verbose cli [ 'node', '/usr/local/bin/npm', 'install', 'cordova-cli' ]
2 info using npm@1.4.28
3 info using node@v0.10.36
4 verbose cache add [ 'cordova-cli', null ]
5 verbose cache add name=undefined spec="cordova-cli" args=["cordova-cli",null]
6 verbose parsed url { protocol: null,
6 verbose parsed url   slashes: null,
6 verbose parsed url   auth: null,
6 verbose parsed url   host: null,
6 verbose parsed url   port: null,
6 verbose parsed url   hostname: null,
6 verbose parsed url   hash: null,
6 verbose parsed url   search: null,
6 verbose parsed url   query: null,
6 verbose parsed url   pathname: 'cordova-cli',
6 verbose parsed url   path: 'cordova-cli',
6 verbose parsed url   href: 'cordova-cli' }
7 silly lockFile 125a469c-cordova-cli cordova-cli
8 verbose lock cordova-cli /Users/quentintorck/.npm/125a469c-cordova-cli.lock
9 silly lockFile 125a469c-cordova-cli cordova-cli
10 silly lockFile 125a469c-cordova-cli cordova-cli
11 verbose addNamed [ 'cordova-cli', '' ]
12 verbose addNamed [ null, '*' ]
13 silly lockFile d155a01d-cordova-cli cordova-cli@
14 verbose lock cordova-cli@ /Users/quentintorck/.npm/d155a01d-cordova-cli.lock
15 silly addNameRange { name: 'cordova-cli', range: '*', hasData: false }
16 verbose request where is /cordova-cli
17 verbose request registry https://registry.npmjs.org/
18 verbose request id 070a8f5180e0a632
19 verbose url raw /cordova-cli
20 verbose url resolving [ 'https://registry.npmjs.org/', './cordova-cli' ]
21 verbose url resolved https://registry.npmjs.org/cordova-cli
22 verbose request where is https://registry.npmjs.org/cordova-cli
23 info trying registry request attempt 1 at 16:12:30
24 http GET https://registry.npmjs.org/cordova-cli
25 http 404 https://registry.npmjs.org/cordova-cli
26 verbose headers { date: 'Mon, 02 Feb 2015 15:12:30 GMT',
26 verbose headers   server: 'CouchDB/1.5.0 (Erlang OTP/R16B03)',
26 verbose headers   'content-type': 'application/json',
26 verbose headers   'cache-control': 'max-age=0',
26 verbose headers   'content-length': '52',
26 verbose headers   'accept-ranges': 'bytes',
26 verbose headers   via: '1.1 varnish',
26 verbose headers   age: '0',
26 verbose headers   'x-served-by': 'cache-fra1231-FRA',
26 verbose headers   'x-cache': 'MISS',
26 verbose headers   'x-cache-hits': '0',
26 verbose headers   'x-timer': 'S1422889949.880100,VS0,VE704',
26 verbose headers   'keep-alive': 'timeout=10, max=50',
26 verbose headers   connection: 'Keep-Alive' }
27 silly registry.get cb [ 404,
27 silly registry.get   { date: 'Mon, 02 Feb 2015 15:12:30 GMT',
27 silly registry.get     server: 'CouchDB/1.5.0 (Erlang OTP/R16B03)',
27 silly registry.get     'content-type': 'application/json',
27 silly registry.get     'cache-control': 'max-age=0',
27 silly registry.get     'content-length': '52',
27 silly registry.get     'accept-ranges': 'bytes',
27 silly registry.get     via: '1.1 varnish',
27 silly registry.get     age: '0',
27 silly registry.get     'x-served-by': 'cache-fra1231-FRA',
27 silly registry.get     'x-cache': 'MISS',
27 silly registry.get     'x-cache-hits': '0',
27 silly registry.get     'x-timer': 'S1422889949.880100,VS0,VE704',
27 silly registry.get     'keep-alive': 'timeout=10, max=50',
27 silly registry.get     connection: 'Keep-Alive' } ]
28 silly lockFile d155a01d-cordova-cli cordova-cli@
29 silly lockFile d155a01d-cordova-cli cordova-cli@
30 error 404 404 Not Found: cordova-cli
30 error 404
30 error 404 'cordova-cli' is not in the npm registry.
30 error 404 You should bug the author to publish it
30 error 404
30 error 404 Note that you can also install from a
30 error 404 tarball, folder, or http url, or git url.
31 error System Darwin 14.1.0
32 error command "node" "/usr/local/bin/npm" "install" "cordova-cli"
33 error cwd /Users/quentintorck/Desktop/hello
34 error node -v v0.10.36
35 error npm -v 1.4.28
36 error code E404
37 verbose exit [ 1, true ]
